  f1-citadel-high ... FAIL
     - apiRepairType: expected match /helical|pier_helical|pier_push/, got ""
  f2-gulf-coast-mid ... FAIL
     - apiRepairType: expected match /pier_push|push|steel/, got ""
  f3-anchor-low ... FAIL
     - apiRepairType: expected match /pier|concrete|hydraulic/, got ""
     - verdict: expected NOT match /unusually\s*low|overpriced/, got "OVERPRICED"
  f4-citadel-high-messy ... FAIL
     - apiRepairType: expected match /helical|pier_helical|pier_push/, got ""
  f5-gulf-coast-mid-messy ... FAIL
     - apiRepairType: expected match /pier_push|push|steel/, got ""
  f6-anchor-low-messy ... FAIL
     - apiRepairType: expected match /pier|concrete|hydraulic/, got ""
     - verdict: expected NOT match /unusually\s*low|overpriced/, got "OVERPRICED"
  f7-mock-foundation-pros-nc ... FAIL
     - apiRepairType: expected match /pier_push|push|steel/, got ""

=== vs baseline ===
NEW FAILURES (regressions):
  - f3-anchor-low: verdict
  - f6-anchor-low-messy: verdict

Total failures: 9
